This file contains any messages produced by compilers while
running configure, to aid debugging if configure makes a mistake.

It was created by gemstat configure 1.6, which was
generated by GNU Autoconf 2.69.  Invocation command line was

  $ ./configure --no-create --no-recursion

## --------- ##
## Platform. ##
## --------- ##

hostname = hal9000-sched.cs.illinois.edu
uname -m = x86_64
uname -r = 3.10.0-1127.19.1.el7.x86_64
uname -s = Linux
uname -v = #1 SMP Tue Aug 25 17:23:54 UTC 2020

/usr/bin/uname -p = x86_64
/bin/uname -X     = unknown

/bin/arch              = x86_64
/usr/bin/arch -k       = unknown
/usr/convex/getsysinfo = unknown
/usr/bin/hostinfo      = unknown
/bin/machine           = unknown
/usr/bin/oslevel       = unknown
/bin/universe          = unknown

PATH: /home/dibaein2/matlab_r2018a_runtime/v94/bin
PATH: /home/dibaein2/anaconda3/bin
PATH: /usr/local/bin
PATH: /usr/bin
PATH: /usr/local/sbin
PATH: /usr/sbin
PATH: /home/dibaein2/usr/bin
PATH: /home/dibaein2/bin


## ----------- ##
## Core tests. ##
## ----------- ##

configure:2412: checking for a BSD-compatible install
configure:2480: result: /usr/bin/install -c
configure:2491: checking whether build environment is sane
configure:2541: result: yes
configure:2682: checking for a thread-safe mkdir -p
configure:2721: result: /usr/bin/mkdir -p
configure:2734: checking for gawk
configure:2750: found /usr/bin/gawk
configure:2761: result: gawk
configure:2772: checking whether make sets $(MAKE)
configure:2794: result: yes
configure:2948: checking for style of include used by make
configure:2976: result: GNU
configure:3046: checking for gcc
configure:3062: found /usr/bin/gcc
configure:3073: result: gcc
configure:3302: checking for C compiler version
configure:3311: gcc --version >&5
gcc (GCC) 4.8.5 20150623 (Red Hat 4.8.5-44)
Copyright (C) 2015 Free Software Foundation, Inc.
This is free software; see the source for copying conditions.  There is NO
warranty; not even for MERCHANTABILITY or FITNESS FOR A PARTICULAR PURPOSE.

configure:3322: $? = 0
configure:3311: gcc -v >&5
Using built-in specs.
COLLECT_GCC=gcc
COLLECT_LTO_WRAPPER=/usr/libexec/gcc/x86_64-redhat-linux/4.8.5/lto-wrapper
Target: x86_64-redhat-linux
Configured with: ../configure --prefix=/usr --mandir=/usr/share/man --infodir=/usr/share/info --with-bugurl=http://bugzilla.redhat.com/bugzilla --enable-bootstrap --enable-shared --enable-threads=posix --enable-checking=release --with-system-zlib --enable-__cxa_atexit --disable-libunwind-exceptions --enable-gnu-unique-object --enable-linker-build-id --with-linker-hash-style=gnu --enable-languages=c,c++,objc,obj-c++,java,fortran,ada,go,lto --enable-plugin --enable-initfini-array --disable-libgcj --with-isl=/builddir/build/BUILD/gcc-4.8.5-20150702/obj-x86_64-redhat-linux/isl-install --with-cloog=/builddir/build/BUILD/gcc-4.8.5-20150702/obj-x86_64-redhat-linux/cloog-install --enable-gnu-indirect-function --with-tune=generic --with-arch_32=x86-64 --build=x86_64-redhat-linux
Thread model: posix
gcc version 4.8.5 20150623 (Red Hat 4.8.5-44) (GCC) 
configure:3322: $? = 0
configure:3311: gcc -V >&5
gcc: error: unrecognized command line option '-V'
gcc: fatal error: no input files
compilation terminated.
configure:3322: $? = 4
configure:3311: gcc -qversion >&5
gcc: error: unrecognized command line option '-qversion'
gcc: fatal error: no input files
compilation terminated.
configure:3322: $? = 4
configure:3342: checking whether the C compiler works
configure:3364: gcc    conftest.c  >&5
configure:3368: $? = 0
configure:3416: result: yes
configure:3419: checking for C compiler default output file name
configure:3421: result: a.out
configure:3427: checking for suffix of executables
configure:3434: gcc -o conftest    conftest.c  >&5
configure:3438: $? = 0
configure:3460: result: 
configure:3482: checking whether we are cross compiling
configure:3490: gcc -o conftest    conftest.c  >&5
configure:3494: $? = 0
configure:3501: ./conftest
configure:3505: $? = 0
configure:3520: result: no
configure:3525: checking for suffix of object files
configure:3547: gcc -c   conftest.c >&5
configure:3551: $? = 0
configure:3572: result: o
configure:3576: checking whether we are using the GNU C compiler
configure:3595: gcc -c   conftest.c >&5
configure:3595: $? = 0
configure:3604: result: yes
configure:3613: checking whether gcc accepts -g
configure:3633: gcc -c -g  conftest.c >&5
configure:3633: $? = 0
configure:3674: result: yes
configure:3691: checking for gcc option to accept ISO C89
configure:3754: gcc  -c -g -O2  conftest.c >&5
configure:3754: $? = 0
configure:3767: result: none needed
configure:3789: checking dependency style of gcc
configure:3899: result: gcc3
configure:3951: checking for gsl-config
configure:3969: found /usr/bin/gsl-config
configure:3982: result: /usr/bin/gsl-config
configure:3991: checking for GSL - version >= 1.13
configure:4085: gcc -o conftest -g -O2 -I/usr/include   conftest.c  -lgsl -lgslcblas -lm >&5
configure:4085: $? = 0
configure:4085: ./conftest
configure:4085: $? = 0
configure:4099: result: yes
configure:4210: checking for pkg-config
configure:4228: found /usr/bin/pkg-config
configure:4240: result: /usr/bin/pkg-config
configure:4265: checking pkg-config is at least version 0.9.0
configure:4268: result: yes
configure:4312: checking for NLOPT
configure:4319: $PKG_CONFIG --exists --print-errors "nlopt"
configure:4322: $? = 0
configure:4335: $PKG_CONFIG --exists --print-errors "nlopt"
configure:4338: $? = 0
configure:4377: result: yes
configure:4385: "NLOPT_LIBS : -L/home/dibaein2/usr/lib -lnlopt_cxx -lm  "
configure:4387: "NLOPT_CFLAGS : -I/home/dibaein2/usr/include  "
configure:4482: checking for g++
configure:4498: found /usr/bin/g++
configure:4509: result: g++
configure:4536: checking for C++ compiler version
configure:4545: g++ --version >&5
g++ (GCC) 4.8.5 20150623 (Red Hat 4.8.5-44)
Copyright (C) 2015 Free Software Foundation, Inc.
This is free software; see the source for copying conditions.  There is NO
warranty; not even for MERCHANTABILITY or FITNESS FOR A PARTICULAR PURPOSE.

configure:4556: $? = 0
configure:4545: g++ -v >&5
Using built-in specs.
COLLECT_GCC=g++
COLLECT_LTO_WRAPPER=/usr/libexec/gcc/x86_64-redhat-linux/4.8.5/lto-wrapper
Target: x86_64-redhat-linux
Configured with: ../configure --prefix=/usr --mandir=/usr/share/man --infodir=/usr/share/info --with-bugurl=http://bugzilla.redhat.com/bugzilla --enable-bootstrap --enable-shared --enable-threads=posix --enable-checking=release --with-system-zlib --enable-__cxa_atexit --disable-libunwind-exceptions --enable-gnu-unique-object --enable-linker-build-id --with-linker-hash-style=gnu --enable-languages=c,c++,objc,obj-c++,java,fortran,ada,go,lto --enable-plugin --enable-initfini-array --disable-libgcj --with-isl=/builddir/build/BUILD/gcc-4.8.5-20150702/obj-x86_64-redhat-linux/isl-install --with-cloog=/builddir/build/BUILD/gcc-4.8.5-20150702/obj-x86_64-redhat-linux/cloog-install --enable-gnu-indirect-function --with-tune=generic --with-arch_32=x86-64 --build=x86_64-redhat-linux
Thread model: posix
gcc version 4.8.5 20150623 (Red Hat 4.8.5-44) (GCC) 
configure:4556: $? = 0
configure:4545: g++ -V >&5
g++: error: unrecognized command line option '-V'
g++: fatal error: no input files
compilation terminated.
configure:4556: $? = 4
configure:4545: g++ -qversion >&5
g++: error: unrecognized command line option '-qversion'
g++: fatal error: no input files
compilation terminated.
configure:4556: $? = 4
configure:4560: checking whether we are using the GNU C++ compiler
configure:4579: g++ -c   conftest.cpp >&5
configure:4579: $? = 0
configure:4588: result: yes
configure:4597: checking whether g++ accepts -g
configure:4617: g++ -c -g  conftest.cpp >&5
configure:4617: $? = 0
configure:4658: result: yes
configure:4683: checking dependency style of g++
configure:4793: result: gcc3
configure:4817: checking for cos in -lm
configure:4842: g++ -o conftest -g -O2   conftest.cpp -lm   >&5
configure:4842: $? = 0
configure:4851: result: yes
configure:4862: checking for cblas_dgemm in -lgslcblas
configure:4887: g++ -o conftest -g -O2   conftest.cpp -lgslcblas  -lm  >&5
configure:4887: $? = 0
configure:4896: result: yes
configure:4907: checking for gsl_blas_dgemm in -lgsl
configure:4932: g++ -o conftest -g -O2   conftest.cpp -lgsl  -lgslcblas -lm  >&5
configure:4932: $? = 0
configure:4941: result: yes
configure:4959: checking how to run the C++ preprocessor
configure:4986: g++ -E  conftest.cpp
configure:4986: $? = 0
configure:5000: g++ -E  conftest.cpp
conftest.cpp:14:28: fatal error: ac_nonexistent.h: No such file or directory
 #include <ac_nonexistent.h>
                            ^
compilation terminated.
configure:5000: $? = 1
configure: failed program was:
| /* confdefs.h */
| #define PACKAGE_NAME "gemstat"
| #define PACKAGE_TARNAME "gemstat"
| #define PACKAGE_VERSION "1.6"
| #define PACKAGE_STRING "gemstat 1.6"
| #define PACKAGE_BUGREPORT ""
| #define PACKAGE_URL ""
| #define PACKAGE "gemstat"
| #define VERSION "1.6"
| #define HAVE_LIBM 1
| #define HAVE_LIBGSLCBLAS 1
| #define HAVE_LIBGSL 1
| /* end confdefs.h.  */
| #include <ac_nonexistent.h>
configure:5025: result: g++ -E
configure:5045: g++ -E  conftest.cpp
configure:5045: $? = 0
configure:5059: g++ -E  conftest.cpp
conftest.cpp:14:28: fatal error: ac_nonexistent.h: No such file or directory
 #include <ac_nonexistent.h>
                            ^
compilation terminated.
configure:5059: $? = 1
configure: failed program was:
| /* confdefs.h */
| #define PACKAGE_NAME "gemstat"
| #define PACKAGE_TARNAME "gemstat"
| #define PACKAGE_VERSION "1.6"
| #define PACKAGE_STRING "gemstat 1.6"
| #define PACKAGE_BUGREPORT ""
| #define PACKAGE_URL ""
| #define PACKAGE "gemstat"
| #define VERSION "1.6"
| #define HAVE_LIBM 1
| #define HAVE_LIBGSLCBLAS 1
| #define HAVE_LIBGSL 1
| /* end confdefs.h.  */
| #include <ac_nonexistent.h>
configure:5088: checking for grep that handles long lines and -e
configure:5146: result: /usr/bin/grep
configure:5151: checking for egrep
configure:5213: result: /usr/bin/grep -E
configure:5218: checking for ANSI C header files
configure:5238: g++ -c -g -O2  conftest.cpp >&5
configure:5238: $? = 0
configure:5311: g++ -o conftest -g -O2   conftest.cpp -lgsl -lgslcblas -lm  >&5
configure:5311: $? = 0
configure:5311: ./conftest
configure:5311: $? = 0
configure:5322: result: yes
configure:5335: checking for sys/types.h
configure:5335: g++ -c -g -O2  conftest.cpp >&5
configure:5335: $? = 0
configure:5335: result: yes
configure:5335: checking for sys/stat.h
configure:5335: g++ -c -g -O2  conftest.cpp >&5
configure:5335: $? = 0
configure:5335: result: yes
configure:5335: checking for stdlib.h
configure:5335: g++ -c -g -O2  conftest.cpp >&5
configure:5335: $? = 0
configure:5335: result: yes
configure:5335: checking for string.h
configure:5335: g++ -c -g -O2  conftest.cpp >&5
configure:5335: $? = 0
configure:5335: result: yes
configure:5335: checking for memory.h
configure:5335: g++ -c -g -O2  conftest.cpp >&5
configure:5335: $? = 0
configure:5335: result: yes
configure:5335: checking for strings.h
configure:5335: g++ -c -g -O2  conftest.cpp >&5
configure:5335: $? = 0
configure:5335: result: yes
configure:5335: checking for inttypes.h
configure:5335: g++ -c -g -O2  conftest.cpp >&5
configure:5335: $? = 0
configure:5335: result: yes
configure:5335: checking for stdint.h
configure:5335: g++ -c -g -O2  conftest.cpp >&5
configure:5335: $? = 0
configure:5335: result: yes
configure:5335: checking for unistd.h
configure:5335: g++ -c -g -O2  conftest.cpp >&5
configure:5335: $? = 0
configure:5335: result: yes
configure:5350: checking gsl/gsl_linalg.h usability
configure:5350: g++ -c -g -O2  conftest.cpp >&5
configure:5350: $? = 0
configure:5350: result: yes
configure:5350: checking gsl/gsl_linalg.h presence
configure:5350: g++ -E  conftest.cpp
configure:5350: $? = 0
configure:5350: result: yes
configure:5350: checking for gsl/gsl_linalg.h
configure:5350: result: yes
configure:5350: checking gsl/gsl_math.h usability
configure:5350: g++ -c -g -O2  conftest.cpp >&5
configure:5350: $? = 0
configure:5350: result: yes
configure:5350: checking gsl/gsl_math.h presence
configure:5350: g++ -E  conftest.cpp
configure:5350: $? = 0
configure:5350: result: yes
configure:5350: checking for gsl/gsl_math.h
configure:5350: result: yes
configure:5350: checking gsl/gsl_multimin.h usability
configure:5350: g++ -c -g -O2  conftest.cpp >&5
configure:5350: $? = 0
configure:5350: result: yes
configure:5350: checking gsl/gsl_multimin.h presence
configure:5350: g++ -E  conftest.cpp
configure:5350: $? = 0
configure:5350: result: yes
configure:5350: checking for gsl/gsl_multimin.h
configure:5350: result: yes
configure:5350: checking gsl/gsl_randist.h usability
configure:5350: g++ -c -g -O2  conftest.cpp >&5
configure:5350: $? = 0
configure:5350: result: yes
configure:5350: checking gsl/gsl_randist.h presence
configure:5350: g++ -E  conftest.cpp
configure:5350: $? = 0
configure:5350: result: yes
configure:5350: checking for gsl/gsl_randist.h
configure:5350: result: yes
configure:5364: checking for inline
configure:5380: g++ -c -g -O2  conftest.cpp >&5
configure:5380: $? = 0
configure:5388: result: inline
configure:5406: checking for size_t
configure:5406: g++ -c -g -O2  conftest.cpp >&5
configure:5406: $? = 0
configure:5406: g++ -c -g -O2  conftest.cpp >&5
conftest.cpp: In function 'int main()':
conftest.cpp:64:20: error: expected primary-expression before ')' token
 if (sizeof ((size_t)))
                    ^
configure:5406: $? = 1
configure: failed program was:
| /* confdefs.h */
| #define PACKAGE_NAME "gemstat"
| #define PACKAGE_TARNAME "gemstat"
| #define PACKAGE_VERSION "1.6"
| #define PACKAGE_STRING "gemstat 1.6"
| #define PACKAGE_BUGREPORT ""
| #define PACKAGE_URL ""
| #define PACKAGE "gemstat"
| #define VERSION "1.6"
| #define HAVE_LIBM 1
| #define HAVE_LIBGSLCBLAS 1
| #define HAVE_LIBGSL 1
| #define STDC_HEADERS 1
| #define HAVE_SYS_TYPES_H 1
| #define HAVE_SYS_STAT_H 1
| #define HAVE_STDLIB_H 1
| #define HAVE_STRING_H 1
| #define HAVE_MEMORY_H 1
| #define HAVE_STRINGS_H 1
| #define HAVE_INTTYPES_H 1
| #define HAVE_STDINT_H 1
| #define HAVE_UNISTD_H 1
| #define HAVE_GSL_GSL_LINALG_H 1
| #define HAVE_GSL_GSL_MATH_H 1
| #define HAVE_GSL_GSL_MULTIMIN_H 1
| #define HAVE_GSL_GSL_RANDIST_H 1
| /* end confdefs.h.  */
| #include <stdio.h>
| #ifdef HAVE_SYS_TYPES_H
| # include <sys/types.h>
| #endif
| #ifdef HAVE_SYS_STAT_H
| # include <sys/stat.h>
| #endif
| #ifdef STDC_HEADERS
| # include <stdlib.h>
| # include <stddef.h>
| #else
| # ifdef HAVE_STDLIB_H
| #  include <stdlib.h>
| # endif
| #endif
| #ifdef HAVE_STRING_H
| # if !defined STDC_HEADERS && defined HAVE_MEMORY_H
| #  include <memory.h>
| # endif
| # include <string.h>
| #endif
| #ifdef HAVE_STRINGS_H
| # include <strings.h>
| #endif
| #ifdef HAVE_INTTYPES_H
| # include <inttypes.h>
| #endif
| #ifdef HAVE_STDINT_H
| # include <stdint.h>
| #endif
| #ifdef HAVE_UNISTD_H
| # include <unistd.h>
| #endif
| int
| main ()
| {
| if (sizeof ((size_t)))
| 	    return 0;
|   ;
|   return 0;
| }
configure:5406: result: yes
configure:5422: checking for floor
configure:5422: g++ -o conftest -g -O2   conftest.cpp -lgsl -lgslcblas -lm  >&5
configure:5422: $? = 0
configure:5422: result: yes
configure:5422: checking for pow
configure:5422: g++ -o conftest -g -O2   conftest.cpp -lgsl -lgslcblas -lm  >&5
configure:5422: $? = 0
configure:5422: result: yes
configure:5422: checking for sqrt
configure:5422: g++ -o conftest -g -O2   conftest.cpp -lgsl -lgslcblas -lm  >&5
configure:5422: $? = 0
configure:5422: result: yes
configure:5422: checking for strchr
configure:5422: g++ -o conftest -g -O2   conftest.cpp -lgsl -lgslcblas -lm  >&5
configure:5422: $? = 0
configure:5422: result: yes
configure:5600: creating ./config.status

## ---------------- ##
## Cache variables. ##
## ---------------- ##

ac_cv_c_compiler_gnu=yes
ac_cv_c_inline=inline
ac_cv_cxx_compiler_gnu=yes
ac_cv_env_CCC_set=
ac_cv_env_CCC_value=
ac_cv_env_CC_set=
ac_cv_env_CC_value=
ac_cv_env_CFLAGS_set=
ac_cv_env_CFLAGS_value=
ac_cv_env_CPPFLAGS_set=
ac_cv_env_CPPFLAGS_value=
ac_cv_env_CXXCPP_set=
ac_cv_env_CXXCPP_value=
ac_cv_env_CXXFLAGS_set=
ac_cv_env_CXXFLAGS_value=
ac_cv_env_CXX_set=
ac_cv_env_CXX_value=
ac_cv_env_LDFLAGS_set=
ac_cv_env_LDFLAGS_value=
ac_cv_env_LIBS_set=
ac_cv_env_LIBS_value=
ac_cv_env_NLOPT_CFLAGS_set=
ac_cv_env_NLOPT_CFLAGS_value=
ac_cv_env_NLOPT_LIBS_set=
ac_cv_env_NLOPT_LIBS_value=
ac_cv_env_PKG_CONFIG_set=
ac_cv_env_PKG_CONFIG_value=
ac_cv_env_build_alias_set=
ac_cv_env_build_alias_value=
ac_cv_env_host_alias_set=
ac_cv_env_host_alias_value=
ac_cv_env_target_alias_set=
ac_cv_env_target_alias_value=
ac_cv_func_floor=yes
ac_cv_func_pow=yes
ac_cv_func_sqrt=yes
ac_cv_func_strchr=yes
ac_cv_header_gsl_gsl_linalg_h=yes
ac_cv_header_gsl_gsl_math_h=yes
ac_cv_header_gsl_gsl_multimin_h=yes
ac_cv_header_gsl_gsl_randist_h=yes
ac_cv_header_inttypes_h=yes
ac_cv_header_memory_h=yes
ac_cv_header_stdc=yes
ac_cv_header_stdint_h=yes
ac_cv_header_stdlib_h=yes
ac_cv_header_string_h=yes
ac_cv_header_strings_h=yes
ac_cv_header_sys_stat_h=yes
ac_cv_header_sys_types_h=yes
ac_cv_header_unistd_h=yes
ac_cv_lib_gsl_gsl_blas_dgemm=yes
ac_cv_lib_gslcblas_cblas_dgemm=yes
ac_cv_lib_m_cos=yes
ac_cv_objext=o
ac_cv_path_EGREP='/usr/bin/grep -E'
ac_cv_path_GREP=/usr/bin/grep
ac_cv_path_GSL_CONFIG=/usr/bin/gsl-config
ac_cv_path_ac_pt_PKG_CONFIG=/usr/bin/pkg-config
ac_cv_path_install='/usr/bin/install -c'
ac_cv_path_mkdir=/usr/bin/mkdir
ac_cv_prog_AWK=gawk
ac_cv_prog_CXXCPP='g++ -E'
ac_cv_prog_ac_ct_CC=gcc
ac_cv_prog_ac_ct_CXX=g++
ac_cv_prog_cc_c89=
ac_cv_prog_cc_g=yes
ac_cv_prog_cxx_g=yes
ac_cv_prog_make_make_set=yes
ac_cv_type_size_t=yes
am_cv_CC_dependencies_compiler_type=gcc3
am_cv_CXX_dependencies_compiler_type=gcc3
pkg_cv_NLOPT_CFLAGS='-I/home/dibaein2/usr/include  '
pkg_cv_NLOPT_LIBS='-L/home/dibaein2/usr/lib -lnlopt -lm  '

## ----------------- ##
## Output variables. ##
## ----------------- ##

ACLOCAL='${SHELL} /shared-mounts/sinhas/Payam/gemstat_benchmarking/NEW_sampler/GEM/tmp/missing --run aclocal-1.11'
AMDEPBACKSLASH='\'
AMDEP_FALSE='#'
AMDEP_TRUE=''
AMTAR='${SHELL} /shared-mounts/sinhas/Payam/gemstat_benchmarking/NEW_sampler/GEM/tmp/missing --run tar'
AUTOCONF='${SHELL} /shared-mounts/sinhas/Payam/gemstat_benchmarking/NEW_sampler/GEM/tmp/missing --run autoconf'
AUTOHEADER='${SHELL} /shared-mounts/sinhas/Payam/gemstat_benchmarking/NEW_sampler/GEM/tmp/missing --run autoheader'
AUTOM4TE='${SHELL} /shared-mounts/sinhas/Payam/gemstat_benchmarking/NEW_sampler/GEM/tmp/missing --run autom4te'
AUTOMAKE='${SHELL} /shared-mounts/sinhas/Payam/gemstat_benchmarking/NEW_sampler/GEM/tmp/missing --run automake-1.11'
AWK='gawk'
BETAOPTBROKEN_FALSE=''
BETAOPTBROKEN_TRUE='#'
BETAOPTSEPARATE_FALSE=''
BETAOPTSEPARATE_TRUE='#'
BETAOPTTOGETHER_FALSE='#'
BETAOPTTOGETHER_TRUE=''
CC='gcc'
CCDEPMODE='depmode=gcc3'
CFLAGS='-g -O2'
CPPFLAGS=''
CXX='g++'
CXXCPP='g++ -E'
CXXDEPMODE='depmode=gcc3'
CXXFLAGS='-g -O2'
CYGPATH_W='echo'
DEBUG_FALSE=''
DEBUG_TRUE='#'
DEFS='-DHAVE_CONFIG_H'
DEPDIR='.deps'
DISABLE_NLOPT_FALSE=''
DISABLE_NLOPT_TRUE='#'
ECHO_C=''
ECHO_N='-n'
ECHO_T=''
EGREP='/usr/bin/grep -E'
EXEEXT=''
GREP='/usr/bin/grep'
GSL_CFLAGS='-I/usr/include'
GSL_CONFIG='/usr/bin/gsl-config'
GSL_LIBS='-lgsl -lgslcblas -lm'
INSTALL_DATA='${INSTALL} -m 644'
INSTALL_PROGRAM='${INSTALL}'
INSTALL_SCRIPT='${INSTALL}'
INSTALL_STRIP_PROGRAM='$(install_sh) -c -s'
LDFLAGS=''
LIBOBJS=''
LIBS='-lgsl -lgslcblas -lm '
LTLIBOBJS=''
MAKEINFO='${SHELL} /shared-mounts/sinhas/Payam/gemstat_benchmarking/NEW_sampler/GEM/tmp/missing --run makeinfo'
MKDIR_P='/usr/bin/mkdir -p'
NLOPT_CFLAGS='-I/home/dibaein2/usr/include  '
NLOPT_LIBS='-L/home/dibaein2/usr/lib -lnlopt_cxx -lm  '
OBJEXT='o'
PACKAGE='gemstat'
PACKAGE_BUGREPORT=''
PACKAGE_NAME='gemstat'
PACKAGE_STRING='gemstat 1.6'
PACKAGE_TARNAME='gemstat'
PACKAGE_URL=''
PACKAGE_VERSION='1.6'
PATH_SEPARATOR=':'
PKG_CONFIG='/usr/bin/pkg-config'
SET_MAKE=''
SHELL='/bin/sh'
STRIP=''
VERSION='1.6'
ac_ct_CC='gcc'
ac_ct_CXX='g++'
am__EXEEXT_FALSE=''
am__EXEEXT_TRUE='#'
am__fastdepCC_FALSE='#'
am__fastdepCC_TRUE=''
am__fastdepCXX_FALSE='#'
am__fastdepCXX_TRUE=''
am__include='include'
am__isrc=''
am__leading_dot='.'
am__quote=''
am__tar='${AMTAR} chof - "$$tardir"'
am__untar='${AMTAR} xf -'
bindir='${exec_prefix}/bin'
build_alias=''
datadir='${datarootdir}'
datarootdir='${prefix}/share'
docdir='${datarootdir}/doc/${PACKAGE_TARNAME}'
dvidir='${docdir}'
exec_prefix='${prefix}'
host_alias=''
htmldir='${docdir}'
includedir='${prefix}/include'
infodir='${datarootdir}/info'
install_sh='${SHELL} /shared-mounts/sinhas/Payam/gemstat_benchmarking/NEW_sampler/GEM/tmp/install-sh'
libdir='${exec_prefix}/lib'
libexecdir='${exec_prefix}/libexec'
localedir='${datarootdir}/locale'
localstatedir='${prefix}/var'
mandir='${datarootdir}/man'
mkdir_p='/usr/bin/mkdir -p'
oldincludedir='/usr/include'
pdfdir='${docdir}'
prefix='/usr/local'
program_transform_name='s,x,x,'
psdir='${docdir}'
sbindir='${exec_prefix}/sbin'
sharedstatedir='${prefix}/com'
sysconfdir='${prefix}/etc'
target_alias=''

## ----------- ##
## confdefs.h. ##
## ----------- ##

/* confdefs.h */
#define PACKAGE_NAME "gemstat"
#define PACKAGE_TARNAME "gemstat"
#define PACKAGE_VERSION "1.6"
#define PACKAGE_STRING "gemstat 1.6"
#define PACKAGE_BUGREPORT ""
#define PACKAGE_URL ""
#define PACKAGE "gemstat"
#define VERSION "1.6"
#define HAVE_LIBM 1
#define HAVE_LIBGSLCBLAS 1
#define HAVE_LIBGSL 1
#define STDC_HEADERS 1
#define HAVE_SYS_TYPES_H 1
#define HAVE_SYS_STAT_H 1
#define HAVE_STDLIB_H 1
#define HAVE_STRING_H 1
#define HAVE_MEMORY_H 1
#define HAVE_STRINGS_H 1
#define HAVE_INTTYPES_H 1
#define HAVE_STDINT_H 1
#define HAVE_UNISTD_H 1
#define HAVE_GSL_GSL_LINALG_H 1
#define HAVE_GSL_GSL_MATH_H 1
#define HAVE_GSL_GSL_MULTIMIN_H 1
#define HAVE_GSL_GSL_RANDIST_H 1
#define HAVE_FLOOR 1
#define HAVE_POW 1
#define HAVE_SQRT 1
#define HAVE_STRCHR 1

configure: exit 0

## ---------------------- ##
## Running config.status. ##
## ---------------------- ##

This file was extended by gemstat config.status 1.6, which was
generated by GNU Autoconf 2.69.  Invocation command line was

  CONFIG_FILES    = 
  CONFIG_HEADERS  = 
  CONFIG_LINKS    = 
  CONFIG_COMMANDS = 
  $ ./config.status 

on hal9000-sched.cs.illinois.edu

config.status:887: creating Makefile
config.status:887: creating src/Makefile
config.status:887: creating tests/Makefile
config.status:887: creating tests/atlocal
config.status:887: creating tests/testexec
config.status:887: creating src/config.h
config.status:1068: src/config.h is unchanged
config.status:1116: executing depfiles commands
config.status:1116: executing tests/atconfig commands

## ---------------------- ##
## Running config.status. ##
## ---------------------- ##

This file was extended by gemstat config.status 1.6, which was
generated by GNU Autoconf 2.69.  Invocation command line was

  CONFIG_FILES    = 
  CONFIG_HEADERS  = 
  CONFIG_LINKS    = 
  CONFIG_COMMANDS = 
  $ ./config.status src/config.h

on hal9000-sched.cs.illinois.edu

config.status:887: creating src/config.h
